2024-12-20 14:18:30,419 - INFO - Added employee: 1234569 - Jessie Islava
2024-12-20 15:41:07,798 - INFO - Updated employee: 123456
2024-12-20 16:03:04,760 - INFO - Updated employee: 123456
2024-12-20 16:19:23,635 - INFO - Removed employee: 123457
2024-12-20 17:44:34,929 - INFO - Added 'emmie' to users.
2024-12-20 17:55:15,757 - INFO - User 'izzy' logged in.
2024-12-20 17:55:49,002 - INFO - User 'izzy' logged in.
2024-12-20 18:00:44,107 - INFO - User 'izzy' logged in.
2024-12-20 18:00:50,927 - INFO - User 'emmie' removed from users.
2024-12-20 18:00:50,928 - INFO - User 'emmie' has been removed from users.
2024-12-20 18:03:48,402 - INFO - Added 'ella' to users.
2024-12-20 18:03:57,818 - INFO - User 'izzy' logged in.
2024-12-20 18:05:15,604 - INFO - User 'izzy' logged in.
2024-12-20 18:05:29,013 - INFO - Removed 'ella' from users.
2024-12-20 18:25:50,766 - INFO - User 'izzy' logged in.
2024-12-20 18:26:43,765 - INFO - Added employee: 12345 - ALi Islava
2024-12-20 18:26:43,765 - INFO - Employee '12345' added to Employees.
2024-12-20 18:27:37,376 - INFO - Updated employee: 12345
2024-12-20 18:27:37,377 - INFO - Employee'12345' has been updated.
2024-12-20 18:28:12,852 - INFO - Removed employee: 12345
2024-12-20 18:28:12,854 - INFO - Employee'12345' has been removed.
2024-12-20 18:29:03,548 - INFO - Added 'ali' to users.
2024-12-20 18:29:15,259 - INFO - User 'izzy' logged in.
2024-12-20 18:29:21,487 - INFO - Removed 'ali' from users.
2024-12-20 18:39:25,562 - INFO - User 'izzy' logged in.
2024-12-20 18:40:29,718 - INFO - Added 'ali' to users.
2024-12-20 18:41:16,543 - INFO - User 'izzy' logged in.
2024-12-20 18:41:22,867 - INFO - Removed 'ali' from users.
2024-12-30 13:02:42,827 - INFO - User 'izzy' logged in.
2024-12-30 13:02:42,831 - INFO - User 'izzy' logged in successfully.
2024-12-30 13:03:01,628 - WARNING - User 'izzy' attempted to log in.
2024-12-30 13:03:01,629 - WARNING - User 'izzy' failed to log in.
